NM_007957
NM_000259
NM_001142495
NM_001382347
NM_001382349
NM_001382348
NM_001300073
NM_001104090
NM_001104091
NM_001300074
NM_140054
NM_168343
NM_001104092
NM_001258734
NM_078595
NM_001169281
NM_001272611
NM_001272612
NM_131951
NM_140340
NM_168513
NM_008476
NM_132963
NM_001278161
NM_005330
NM_167560
NM_001298437
NM_136045
NM_001201859
NM_135592
NM_001289975
NM_001329857
NM_013450
NM_001329858
NM_007255
NM_001299853
NM_137987
NM_001103973
NM_132721
NM_167397
NM_001301298
NM_021356
NM_005273
NM_131087
NM_001272884
NM_134671
NM_005508
NM_031494
NM_001160229
NM_011339
NM_001352668
NM_001352661
NM_001352662
NM_001352669
NM_001352666
NM_001352664
NM_001352665
NM_001352663
NM_005013
NM_001330227
NM_001352667
NM_001352672
NM_001352670
NM_001352671
NM_131392
NM_134730
NM_136858
NM_002235
NM_140401
NM_168555
NM_001329128
NM_005534
NM_001133
NM_001372047
NM_001372046
NM_001372045
NM_006169
NM_057589
NM_057588
NM_001014462
NM_134297
NM_134298
NM_001273045
NM_134300
NM_134299
NM_001298640
NM_131339
NM_002517
NM_001321086
NM_001006635
NM_006554
NM_001319098
NM_001319097
NM_000482
NM_001316459
NM_141167
NM_141982
NM_001272720
NM_001272719
NM_001272718
NM_001272721
NM_132995
NM_167571
NM_001099644
NM_013561
NM_178803
NM_009637
NM_001005605
NM_001309437
NM_001309436
NM_141016
NM_001144517
NM_001300207
NM_019803
NM_001037811
NM_004493
NM_014502
NM_000813
NM_021911
NM_001371727
NM_001286210
NM_005819
NM_138250
NM_135993
NM_078503
NM_001669
NM_009589
NM_001169222
NM_132188
NM_001298059
NM_001169223
NM_167134
NM_132425
NM_001103475
NM_001103476
NM_001103477
NM_001298160
NM_010395
NM_001272746
NM_206778
NM_080354
NM_206779
NM_001259684
NM_001202119
NM_139612
NM_001259685
NM_135804
NM_135933
NM_001259199
NM_001299197
NM_165396
NM_001042909
NM_001169569
NM_001299198
NM_165397
NM_001331055
NM_001331054
NM_008249
NM_001274791
NM_140233
NM_001201850
NM_135556
NM_132545
NM_001298218
NM_001273201
NM_135170
NM_140402
NM_001038916
NM_001300133
NM_139532
NM_001316473
NM_137445
NM_166336
NM_166337
NM_001299678
NM_079067
NM_001299679
NM_166338
NM_130703
NM_001272282
NM_058125
NM_001042867
NM_135036
NM_001272676
NM_132889
NM_001370485
NM_198944
NM_001377290
NM_078485
NM_001377289
NM_001851
NM_001377291
NM_033031
NM_033670
NM_033671.1: This RefSeq was permanently suppressed because it is a nonsense-mediated mRNA decay (NMD) candidate.
NM_033671.1
NM_011658
NM_135888
NM_140364
NM_136137
NM_166665
NM_001299904
NM_138060
NM_001259562
NM_130944
NM_137684
NM_001354768
NM_001354769
NM_001354770
NM_006177
NM_135862
NM_001299000
NM_001251962
NM_015595
NM_001251963
NM_131964
NM_136662
NM_058003
NM_001274337
NM_139371
NM_001202088
NM_001316470
NM_144564
NM_213568
NM_001614
NM_001199954
NM_168394
NM_135259
NM_164741
NM_131389
NM_001164156
NM_016766
NM_132556
NM_019265
NM_139929
NM_131966
NM_001382237
NM_001382240
NM_001382238
NM_001382236
NM_001136195
NM_001382241
NM_001382243
NM_001382239
NM_001136196
NM_013433
NM_001382242
NM_001311111
NM_013861
NM_001297977
NM_001272329
NM_167045
NM_078528
NM_167152
NM_206654
NM_001169230
NM_001103435
NM_001272400
NM_078529
NM_001272401
NM_132585
NM_001298231
NM_001272560
NM_079123
NM_001299225
NM_136414
NM_001142916
NM_011961
NM_001103863
NM_057380
NM_057379
NM_001274088
NM_057381
NM_001103864
NM_132384
NM_001299792
NM_001259531
NM_057958
NM_001355112
NM_001355110
NM_001355111
NM_008091
NM_001290718
NM_001290717
NM_013757
NM_001290719
NM_143988
NM_078748
NM_014059
NM_001299169
NM_001299168
NM_144332
NM_001169592
NM_136386
NM_001273804
NM_132145
NM_144280
NM_016255
NM_025285
NM_013163
NM_001274298
NM_138220
NM_001297838
NM_130535
NM_206055
NM_057967
NM_164814
NM_001201794
NM_164815
NM_001201796
NM_205935
NM_205936
NM_164812
NM_001201795
NM_001201797
NM_164813
NM_001201798
NM_142121
NM_001300574
NM_080511
NM_001275982
NM_153348
NM_012174
NM_057999
NM_001159500
NM_011934
NM_011578
NM_135619
NM_001298179
NM_132458
NM_135005
NM_001298676
NM_141669
NM_164648
NM_164647
NM_001273171
NM_164646
NM_136281
NM_130606
NM_001272224
NM_131393
NM_001025161
NM_000106
NM_001299181
NM_165346
NM_139488
NM_132914
NM_001299780
NM_137811
NM_001298419
NM_001103533
NM_001298418
NM_137339
NM_001299588
NM_137209
NM_015355
NM_001321207
NM_001274800
NM_140265
NM_001295
NM_001043093
NM_001259475
NM_167934
NM_136517
NM_004324
NM_001291428
NM_138761
NM_138764
NM_138763
NM_001291429
NM_001291430
NM_001291431
NM_138762.2: This RefSeq was permanently suppressed because currently there is insufficient support for the transcript and the protein.
NM_138762.2
NM_012910
NM_140464
NM_205915
NM_135185
NM_134990
NM_001159328
NM_008244
NM_134308
NM_206128
NM_134309
NM_057750
NM_206127
NM_166139
NM_001318524
NM_016209
NM_001318525
NM_001318527
NM_001318529
NM_001318532
NM_001318528
NM_001318530
NM_001318526
NM_001042681
NM_012102
NM_001042682
NM_001273638
NM_057993
NM_012960
NM_141075
NM_142377
NM_182472
NM_004439
NM_001281766
NM_001281765
NM_001318761
NM_001281767
NM_001347807
NM_001042818
NM_001298436
NM_001298435
NM_136706
NM_032416
NM_001274893
NM_001202174
NM_140430
NM_001202172
NM_001202175
NM_168573
NM_001202173
NM_168574
NM_024355
NM_001273051
NM_001273052
NM_134898
NM_131221
NM_030622
NM_079222
NM_001169883
NM_139265
NM_136889
NM_206099
NM_001273984
NM_001201607
NM_001201605
NM_001272241
NM_001201606
NM_130614
NM_001272242
NM_009685
NM_001253886
NM_001253885
NM_001253887
NM_001310600
NM_139442
NM_001298241
NM_132611
NM_001272317
NM_001272316
NM_131961
NM_167021
NM_136732
NM_139791
NM_137051
NM_001299463
NM_140998
NM_142364
NM_165576
NM_001103755
NM_001272412
NM_132263
NM_132826
NM_001258765
NM_080701
NM_080699.2: This RefSeq was permanently suppressed because currently there is support for the transcript but not for the protein.
NM_080699.2
NM_080700.2: This RefSeq was permanently suppressed because currently there is support for the transcript but not for the protein.
NM_080700.2
NM_135009
NM_133164
NM_057283
NM_206219
NM_016199
NM_079542
NM_135280
NM_164753
NM_001169770
NM_001103929
NM_001169769
NM_001103930
NM_137752
NM_166489
NM_031547
NM_001299280
NM_136565
NM_206138
NM_137313
NM_164985
NM_135692
NM_164986
NM_001346309
NM_131368
NM_001542
NM_001007237
NM_135261
NM_001299412
NM_165878
NM_165828
NM_135375
NM_131229
NM_013883
NM_001159630
NM_001379185
NM_001379186
NM_001379184
NM_001355423
NM_001355424
NM_206717
NM_001298351
NM_033102
NM_139582
NM_031313
NM_001297867
NM_130597
NM_001299852
NM_137982
NM_001259876
NM_140666
NM_144161
NM_001258575
NM_080315
